<?xml version="1.0" encoding="UTF-8"?>
<testng-results total="2" passed="2" failed="0" skipped="0">
  <reporter-output>
  </reporter-output>
  <suite started-at="2024-04-09T17:57:57Z" name="Default suite" finished-at="2024-04-09T17:58:24Z" duration-ms="27609">
    <groups>
    </groups>
    <test started-at="2024-04-09T17:57:57Z" name="Default test" finished-at="2024-04-09T17:58:24Z" duration-ms="27609">
      <class name="com.MarchAutomation.MarchAutomation">
        <test-method signature="propertiesfile()[pri:0, instance:com.MarchAutomation.MarchAutomation@341814d3]" started-at="2024-04-09T23:27:57Z" name="propertiesfile" finished-at="2024-04-09T23:27:57Z" duration-ms="29" status="PASS">
          <reporter-output>
          </reporter-output>
        </test-method> <!-- propertiesfile -->
        <test-method signature="login()[pri:0, instance:com.MarchAutomation.MarchAutomation@341814d3]" started-at="2024-04-09T23:27:57Z" name="login" finished-at="2024-04-09T23:28:24Z" duration-ms="27527" status="PASS">
          <reporter-output>
          </reporter-output>
        </test-method> <!-- login -->
      </class> <!-- com.MarchAutomation.MarchAutomation -->
    </test> <!-- Default test -->
  </suite> <!-- Default suite -->
</testng-results>
