<?xml version="1.0" encoding="UTF-8"?>
<testng-results ignored="0" total="1" passed="1" failed="0" skipped="0">
  <reporter-output>
  </reporter-output>
  <suite started-at="2024-08-19T00:11:00 IST" name="Default suite" finished-at="2024-08-19T00:11:06 IST" duration-ms="5602">
    <groups>
    </groups>
    <test started-at="2024-08-19T00:11:00 IST" name="Default test" finished-at="2024-08-19T00:11:06 IST" duration-ms="5602">
      <class name="Frames.siblingIframes">
        <test-method signature="silbingframe()[pri:0, instance:Frames.siblingIframes@1151e434]" started-at="2024-08-19T00:11:01 IST" name="silbingframe" finished-at="2024-08-19T00:11:06 IST" duration-ms="5520" status="PASS">
          <reporter-output>
          </reporter-output>
        </test-method> <!-- silbingframe -->
      </class> <!-- Frames.siblingIframes -->
    </test> <!-- Default test -->
  </suite> <!-- Default suite -->
</testng-results>
