<?xml version="1.0" encoding="UTF-8"?>
<testng-results ignored="0" total="1" passed="1" failed="0" skipped="0">
  <reporter-output>
  </reporter-output>
  <suite started-at="2024-04-01T15:52:38 IST" name="Default suite" finished-at="2024-04-01T15:53:16 IST" duration-ms="38087">
    <groups>
    </groups>
    <test started-at="2024-04-01T15:52:38 IST" name="Default test" finished-at="2024-04-01T15:53:16 IST" duration-ms="38087">
      <class name="saitestngpractice.one.axtrail">
        <test-method signature="opennewjobcard()[pri:0, instance:saitestngpractice.one.axtrail@1c65121]" started-at="2024-04-01T15:52:38 IST" name="opennewjobcard" finished-at="2024-04-01T15:53:16 IST" duration-ms="37922" status="PASS">
          <reporter-output>
          </reporter-output>
        </test-method> <!-- opennewjobcard -->
      </class> <!-- saitestngpractice.one.axtrail -->
    </test> <!-- Default test -->
  </suite> <!-- Default suite -->
</testng-results>
